#
# There is insufficient memory for the Java Runtime Environment to continue.
# Native memory allocation (mmap) failed to map 132120576 bytes for G1 virtual space
# Possible reasons:
#   The system is out of physical RAM or swap space
#   The process is running with CompressedOops enabled, and the Java Heap may be blocking the growth of the native heap
# Possible solutions:
#   Reduce memory load on the system
#   Increase physical memory or swap space
#   Check if swap backing store is full
#   Decrease Java heap size (-Xmx/-Xms)
#   Decrease number of Java threads
#   Decrease Java thread stack sizes (-Xss)
#   Set larger code cache with -XX:ReservedCodeCacheSize=
#   JVM is running with Unscaled Compressed Oops mode in which the Java heap is
#     placed in the first 4GB address space. The Java Heap base address is the
#     maximum limit for the native heap growth. Please use -XX:HeapBaseMinAddress
#     to set the Java Heap base and to place the Java Heap above 4GB virtual address.
# This output file may be truncated or incomplete.
#
#  Out of Memory Error (./open/src/hotspot/os/windows/os_windows.cpp:3321), pid=10284, tid=20384
#
# JRE version:  (15.0.2+7) (build )
# Java VM: Java HotSpot(TM) 64-Bit Server VM (15.0.2+7-27, mixed mode, sharing, tiered, compressed oops, g1 gc, windows-amd64)
# No core dump will be written. Minidumps are not enabled by default on client versions of Windows
#

---------------  S U M M A R Y ------------

Command Line: -XX:+ShowCodeDetailsInExceptionMessages App

Host: Intel(R) Core(TM) i5-10210U CPU @ 1.60GHz, 8 cores, 7G,  Windows 10 , 64 bit Build 19041 (10.0.19041.2546)
Time: Tue Aug 22 17:02:34 2023 Западная Азия (зима) elapsed time: 0.010721 seconds (0d 0h 0m 0s)

---------------  T H R E A D  ---------------

Current thread (0x000001f02e261c30):  JavaThread "Unknown thread" [_thread_in_vm, id=20384, stack(0x0000005163c00000,0x0000005163d00000)]

Stack: [0x0000005163c00000,0x0000005163d00000]
Native frames: (J=compiled Java code, j=interpreted, Vv=VM code, C=native code)
V  [jvm.dll+0x62ae9a]
V  [jvm.dll+0x7817a9]
V  [jvm.dll+0x782f03]
V  [jvm.dll+0x783563]
V  [jvm.dll+0x216325]
V  [jvm.dll+0x6281d9]
V  [jvm.dll+0x61cf55]
V  [jvm.dll+0x2cffdd]
V  [jvm.dll+0x2cfe42]
V  [jvm.dll+0x2d5e1c]
V  [jvm.dll+0x32590a]
V  [jvm.dll+0x324fd4]
V  [jvm.dll+0x2a6f5a]
V  [jvm.dll+0x2a80f8]
V  [jvm.dll+0x75e241]
V  [jvm.dll+0x3341c4]
V  [jvm.dll+0x73e926]
V  [jvm.dll+0x3b7557]
V  [jvm.dll+0x3b8fe1]
C  [jli.dll+0x52fb]
C  [ucrtbase.dll+0x21bb2]
C  [KERNEL32.DLL+0x17614]
C  [ntdll.dll+0x526a1]


---------------  P R O C E S S  ---------------

Threads class SMR info:
_java_thread_list=0x00007ffc9f424ff0, length=0, elements={
}

Java Threads: ( => current thread )

Other Threads:
  0x000001f02e29f330 GCTaskThread "GC Thread#0" [stack: 0x0000005163d00000,0x0000005163e00000] [id=14776]
  0x000001f02e2b1010 ConcurrentGCThread "G1 Main Marker" [stack: 0x0000005163e00000,0x0000005163f00000] [id=17640]
  0x000001f02e2b2420 ConcurrentGCThread "G1 Conc#0" [stack: 0x0000005163f00000,0x0000005164000000] [id=13068]

[error occurred during error reporting (printing all threads), id 0xc0000005, EXCEPTION_ACCESS_VIOLATION (0xc0000005) at pc=0x00007ffc9ec17e27]

VM state: not at safepoint (not fully initialized)

VM Mutex/Monitor currently owned by a thread:  ([mutex/lock_event])
[0x000001f02e25caa0] Heap_lock - owner thread: 0x000001f02e261c30

Heap address: 0x0000000083000000, size: 2000 MB, Compressed Oops mode: 32-bit
CDS archive(s) mapped at: [0x0000000000000000-0x0000000000000000-0x0000000000000000), size 0, SharedBaseAddress: 0x0000000800000000, ArchiveRelocationMode: 0.
Narrow klass base: 0x0000000000000000, Narrow klass shift: 0, Narrow klass range: 0x0

Heap:
 garbage-first heap   total 129024K, used 0K [0x0000000083000000, 0x0000000100000000)
  region size 1024K, 0 young (0K), 0 survivors (0K)
 Metaspace       used 0K, capacity 0K, committed 0K, reserved 0K
  class space    used 0K, capacity 0K, committed 0K, reserved 0K

Heap Regions: E=young(eden), S=young(survivor), O=old, HS=humongous(starts), HC=humongous(continues), CS=collection set, F=free, OA=open archive, CA=closed archive, TAMS=top-at-mark-start (previous, next)

Card table byte_map: [0x000001f045bc0000,0x000001f045fb0000] _byte_map_base: 0x000001f0457a8000

Marking Bits (Prev, Next): (CMBitMap*) 0x000001f02e2a0bb0, (CMBitMap*) 0x000001f02e2a0bf0
 Prev Bits: [0x000001f0463a0000, 0x000001f0482e0000)
 Next Bits: [0x000001f0482e0000, 0x000001f04a220000)

GC Heap History (0 events):
No events

Deoptimization events (0 events):
No events

Classes unloaded (0 events):
No events

Classes redefined (0 events):
No events

Internal exceptions (0 events):
No events

Events (1 events):
Event: 0.005 Loaded shared library C:\Program Files\Java\jdk-15.0.2\bin\java.dll


Dynamic libraries:
0x00007ff78f470000 - 0x00007ff78f47f000 	C:\Program Files\Java\jdk-15.0.2\bin\java.exe
0x00007ffcf6690000 - 0x00007ffcf6888000 	C:\Windows\SYSTEM32\ntdll.dll
0x00007ffcf4dc0000 - 0x00007ffcf4e7f000 	C:\Windows\System32\KERNEL32.DLL
0x00007ffcf4080000 - 0x00007ffcf4352000 	C:\Windows\System32\KERNELBASE.dll
0x00007ffcf3df0000 - 0x00007ffcf3ef0000 	C:\Windows\System32\ucrtbase.dll
0x00007ffcee350000 - 0x00007ffcee368000 	C:\Program Files\Java\jdk-15.0.2\bin\jli.dll
0x00007ffceda10000 - 0x00007ffceda29000 	C:\Program Files\Java\jdk-15.0.2\bin\VCRUNTIME140.dll
0x00007ffcf5810000 - 0x00007ffcf58be000 	C:\Windows\System32\ADVAPI32.dll
0x00007ffcf4d20000 - 0x00007ffcf4dbe000 	C:\Windows\System32\msvcrt.dll
0x00007ffcf4e90000 - 0x00007ffcf4f2c000 	C:\Windows\System32\sechost.dll
0x00007ffcf4f30000 - 0x00007ffcf5055000 	C:\Windows\System32\RPCRT4.dll
0x00007ffcf4a20000 - 0x00007ffcf4bc1000 	C:\Windows\System32\USER32.dll
0x00007ffcf4360000 - 0x00007ffcf4382000 	C:\Windows\System32\win32u.dll
0x00007ffcdce60000 - 0x00007ffcdd0fa000 	C:\Windows\WinSxS\amd64_microsoft.windows.common-controls_6595b64144ccf1df_6.0.19041.1110_none_60b5254171f9507e\COMCTL32.dll
0x00007ffcf4bd0000 - 0x00007ffcf4bfb000 	C:\Windows\System32\GDI32.dll
0x00007ffcf4500000 - 0x00007ffcf460f000 	C:\Windows\System32\gdi32full.dll
0x00007ffcf3d50000 - 0x00007ffcf3ded000 	C:\Windows\System32\msvcp_win.dll
0x00007ffcec540000 - 0x00007ffcec54a000 	C:\Windows\SYSTEM32\VERSION.dll
0x00007ffcf5470000 - 0x00007ffcf54a2000 	C:\Windows\System32\IMM32.DLL
0x00007ffcee0c0000 - 0x00007ffcee0cc000 	C:\Program Files\Java\jdk-15.0.2\bin\vcruntime140_1.dll
0x00007ffce1a70000 - 0x00007ffce1b01000 	C:\Program Files\Java\jdk-15.0.2\bin\msvcp140.dll
0x00007ffc9e960000 - 0x00007ffc9f4be000 	C:\Program Files\Java\jdk-15.0.2\bin\server\jvm.dll
0x00007ffcf4e80000 - 0x00007ffcf4e88000 	C:\Windows\System32\PSAPI.DLL
0x00007ffcdbab0000 - 0x00007ffcdbad7000 	C:\Windows\SYSTEM32\WINMM.dll
0x00007ffce0fe0000 - 0x00007ffce0fe9000 	C:\Windows\SYSTEM32\WSOCK32.dll
0x00007ffcf58c0000 - 0x00007ffcf592b000 	C:\Windows\System32\WS2_32.dll
0x00007ffcf25a0000 - 0x00007ffcf25b2000 	C:\Windows\SYSTEM32\kernel.appcore.dll
0x00007ffcedc30000 - 0x00007ffcedc3a000 	C:\Program Files\Java\jdk-15.0.2\bin\jimage.dll
0x00007ffcf1b10000 - 0x00007ffcf1cf4000 	C:\Windows\SYSTEM32\DBGHELP.DLL
0x00007ffcdbb00000 - 0x00007ffcdbb35000 	C:\Windows\SYSTEM32\dbgcore.DLL
0x00007ffcf4610000 - 0x00007ffcf4692000 	C:\Windows\System32\bcryptPrimitives.dll
0x00007ffcec7d0000 - 0x00007ffcec7f5000 	C:\Program Files\Java\jdk-15.0.2\bin\java.dll

dbghelp: loaded successfully - version: 4.0.5 - missing functions: none
symbol engine: initialized successfully - sym options: 0x614 - pdb path: .;C:\Program Files\Java\jdk-15.0.2\bin;C:\Windows\SYSTEM32;C:\Windows\WinSxS\amd64_microsoft.windows.common-controls_6595b64144ccf1df_6.0.19041.1110_none_60b5254171f9507e;C:\Program Files\Java\jdk-15.0.2\bin\server

VM Arguments:
jvm_args: -XX:+ShowCodeDetailsInExceptionMessages 
java_command: App
java_class_path (initial): C:\Users\HP\AppData\Roaming\Code\User\workspaceStorage\ecad716581c7e6cf88a9c859754781b7\redhat.java\jdt_ws\JavaUnit1Gr4580AkhmedbekovaDiyora_49566790\bin
Launcher Type: SUN_STANDARD

[Global flags]
     intx CICompilerCount                          = 4                                         {product} {ergonomic}
     uint ConcGCThreads                            = 2                                         {product} {ergonomic}
     uint G1ConcRefinementThreads                  = 8                                         {product} {ergonomic}
   size_t G1HeapRegionSize                         = 1048576                                   {product} {ergonomic}
    uintx GCDrainStackTargetSize                   = 64                                        {product} {ergonomic}
   size_t InitialHeapSize                          = 132120576                                 {product} {ergonomic}
   size_t MarkStackSize                            = 4194304                                   {product} {ergonomic}
   size_t MaxHeapSize                              = 2097152000                                {product} {ergonomic}
   size_t MinHeapDeltaBytes                        = 1048576                                   {product} {ergonomic}
   size_t MinHeapSize                              = 8388608                                   {product} {ergonomic}
    uintx NonNMethodCodeHeapSize                   = 5839372                                {pd product} {ergonomic}
    uintx NonProfiledCodeHeapSize                  = 122909434                              {pd product} {ergonomic}
    uintx ProfiledCodeHeapSize                     = 122909434                              {pd product} {ergonomic}
    uintx ReservedCodeCacheSize                    = 251658240                              {pd product} {ergonomic}
     bool SegmentedCodeCache                       = true                                      {product} {ergonomic}
     bool ShowCodeDetailsInExceptionMessages       = true                                   {manageable} {command line}
   size_t SoftMaxHeapSize                          = 2097152000                             {manageable} {ergonomic}
     bool UseCompressedClassPointers               = true                                 {lp64_product} {ergonomic}
     bool UseCompressedOops                        = true                                 {lp64_product} {ergonomic}
     bool UseG1GC                                  = true                                      {product} {ergonomic}
     bool UseLargePagesIndividualAllocation        = false                                  {pd product} {ergonomic}

Logging:
Log output configuration:
 #0: stdout all=warning uptime,level,tags
 #1: stderr all=off uptime,level,tags

Environment Variables:
JAVA_HOME=C:\Program Files\Java\jdk-15.0.2
PATH=C:\Program Files\Common Files\Oracle\Java\javapath;C:\Windows\system32;C:\Windows;C:\Windows\System32\Wbem;C:\Windows\System32\WindowsPowerShell\v1.0\;C:\Windows\System32\OpenSSH\;C:\Program Files (x86)\NVIDIA Corporation\PhysX\Common;C:\Program Files\NVIDIA Corporation\NVIDIA NvDLISR;C:\Program Files\7-Zip;C:\Program Files\Git\cmd;C:\Program Files\dotnet\;C:\Program Files (x86)\IBM\SPSS\Statistics\22\JRE\bin;C:\Program Files\IBM\SPSS\Statistics\25\JRE\bin;C:\Users\HP\AppData\Local\Programs\Python\Python310\Scripts\;C:\Users\HP\AppData\Local\Programs\Python\Python310\;C:\Users\HP\AppData\Local\Microsoft\WindowsApps;;D:\Java\IntelliJ IDEA Community Edition 2021.2\bin;;C:\Users\HP\AppData\Local\Programs\Microsoft VS Code\bin;C:\Program Files\JetBrains\PyCharm Community Edition 2021.2.3\bin;;C:\Users\HP\.dotnet\tools
USERNAME=HP
LANG=en_US.UTF-8
OS=Windows_NT
PROCESSOR_IDENTIFIER=Intel64 Family 6 Model 142 Stepping 12, GenuineIntel



---------------  S Y S T E M  ---------------

OS:
 Windows 10 , 64 bit Build 19041 (10.0.19041.2546)
OS uptime: 15 days 2:07 hours

CPU: total 8 (initial active 8) (4 cores per cpu, 2 threads per core) family 6 model 142 stepping 12 microcode 0xca, cmov, cx8, fxsr, mmx, sse, sse2, sse3, ssse3, sse4.1, sse4.2, popcnt, vzeroupper, avx, avx2, aes, clmul, erms, 3dnowpref, lzcnt, ht, tsc, tscinvbit, bmi1, bmi2, adx, fma, clflush, clflushopt

Memory: 4k page, system-wide physical 7995M (1053M free)
TotalPageFile size 16995M (AvailPageFile size 64M)
current process WorkingSet (physical memory assigned to process): 10M, peak: 10M
current process commit charge ("private bytes"): 60M, peak: 186M

vm_info: Java HotSpot(TM) 64-Bit Server VM (15.0.2+7-27) for windows-amd64 JRE (15.0.2+7-27), built on Dec  7 2020 20:07:01 by "mach5one" with unknown MS VC++:1925

END.
